
--- 正在處理: 截圖 2026-02-24 11.30.32.png ---
讀取圖片：題目/截圖 2026-02-24 11.30.32.png...
萃取網格中...
Templates found: [1, 2, 3, 4, 5, 6, 7, 8, 9]
檢查辨識結果...
解題中...
數獨解題成功！
答案已儲存至：答案/截圖 2026-02-24 11.30.32.png

--- 正在處理: 截圖 2026-02-24 16.57.35.png ---
讀取圖片：題目/截圖 2026-02-24 16.57.35.png...
萃取網格中...
Templates found: [1, 2, 3, 4, 5, 6, 7, 8, 9]
檢查辨識結果...
解題中...
數獨解題成功！
答案已儲存至：答案/截圖 2026-02-24 16.57.35.png

--- 正在處理: 截圖 2026-02-24 10.43.16.png ---
讀取圖片：題目/截圖 2026-02-24 10.43.16.png...
萃取網格中...
Templates found: [1, 2, 3, 4, 5, 6, 7, 8, 9]
檢查辨識結果...
解題中...
數獨解題成功！
答案已儲存至：答案/截圖 2026-02-24 10.43.16.png

--- 正在處理: 截圖 2026-02-24 16.56.55.png ---
讀取圖片：題目/截圖 2026-02-24 16.56.55.png...
萃取網格中...
Templates found: [1, 2, 3, 4, 5, 6, 7, 8, 9]
檢查辨識結果...
解題中...
數獨解題成功！
答案已儲存至：答案/截圖 2026-02-24 16.56.55.png

--- 正在處理: 截圖 2026-02-24 09.37.16.png ---
讀取圖片：題目/截圖 2026-02-24 09.37.16.png...
萃取網格中...
Templates found: [1, 2, 3, 4, 5, 6, 7, 8, 9]
檢查辨識結果...
警告：辨識出的網格存在衝突，可能識別有誤：
  - 行 5 有重複數字: 4
  - 行 9 有重複數字: 4
  - 九宮格 5 有重複數字: 4
辨識出的網格：
. . . 8 3 4 7 . .
4 6 . . 9 . . 8 .
. 3 5 . . . . 4 9
5 . 3 . 4 . . . 7
9 . 1 . 2 . . . 4
. 2 . 5 4 7 . . 8
. . . 2 5 . . 9 3
. 4 . . 6 . 2 5 .
. . 9 . 8 3 . . 4

--- 正在處理: 截圖 2026-02-24 16.49.52.png ---
讀取圖片：題目/截圖 2026-02-24 16.49.52.png...
萃取網格中...
Templates found: [1, 2, 3, 4, 5, 6, 7, 8, 9]
檢查辨識結果...
解題中...
數獨解題成功！
答案已儲存至：答案/截圖 2026-02-24 16.49.52.png

--- 正在處理: 截圖 2026-02-24 11.07.34.png ---
讀取圖片：題目/截圖 2026-02-24 11.07.34.png...
萃取網格中...
Templates found: [1, 2, 3, 4, 5, 6, 7, 8, 9]
檢查辨識結果...
警告：辨識出的網格存在衝突，可能識別有誤：
  - 列 1 有重複數字: 3
  - 列 2 有重複數字: 3
  - 列 5 有重複數字: 3
  - 列 6 有重複數字: 3
  - 列 7 有重複數字: 3
  - 列 8 有重複數字: 3
  - 行 1 有重複數字: 3
  - 行 2 有重複數字: 3
  - 行 3 有重複數字: 3
  - 行 4 有重複數字: 3
  - 行 7 有重複數字: 3
  - 行 9 有重複數字: 3
  - 九宮格 1 有重複數字: 3
  - 九宮格 2 有重複數字: 3
  - 九宮格 3 有重複數字: 3
  - 九宮格 4 有重複數字: 3
  - 九宮格 6 有重複數字: 3
  - 九宮格 7 有重複數字: 3
  - 九宮格 8 有重複數字: 3
辨識出的網格：
3 7 3 9 3 5 4 1 .
9 6 5 3 . . 3 . 7
. . 1 . . 7 5 9 3
. . 6 . . . 9 7 .
3 9 . . . 4 3 3 .
3 3 4 7 5 . 6 . 1
7 1 3 4 9 6 . 5 3
. 4 . 3 7 3 1 6 9
6 3 9 5 . . . 4 .

--- 正在處理: 截圖 2026-02-24 11.21.56.png ---
讀取圖片：題目/截圖 2026-02-24 11.21.56.png...
萃取網格中...
Templates found: [1, 2, 3, 4, 5, 6, 7, 8, 9]
檢查辨識結果...
警告：辨識出的網格存在衝突，可能識別有誤：
  - 列 5 有重複數字: 8
  - 列 6 有重複數字: 8
  - 列 8 有重複數字: 8
  - 行 5 有重複數字: 8
  - 行 7 有重複數字: 8
  - 九宮格 5 有重複數字: 8
  - 九宮格 8 有重複數字: 8
辨識出的網格：
. 2 7 . 5 9 . 6 .
1 . . 2 7 . 5 . .
5 . 6 . 1 . 8 . 2
. . . 5 4 7 . 1 .
7 8 9 6 . 1 2 . 8
. . 5 8 2 8 4 . 7
2 . 1 . 6 . 8 . .
4 . 8 . 8 5 7 2 .
. . . 7 8 2 1 . .
